app/build/outputs/logs/manifest-merger-debug-report.txt
-- Merging decision tree log ---
manifest
ADDED from src\main\AndroidManifest.xml:2:1-76:12
	xmlns:android
		ADDED from src\main\AndroidManifest.xml:2:11-69
	package
		ADDED from src\main\AndroidManifest.xml:3:5-37
		INJECTED from src\main\AndroidManifest.xml
		INJECTED from src\main\AndroidManifest.xml
	android:versionName
		ADDED from src\main\AndroidManifest.xml:6:5-30
	android:versionCode
		ADDED from src\main\AndroidManifest.xml:4:5-28
		INJECTED from src\main\AndroidManifest.xml
		INJECTED from src\main\AndroidManifest.xml
	android:installLocation
		ADDED from src\main\AndroidManifest.xml:5:3-43
uses-sdk
ADDED from src\main\AndroidManifest.xml:8:5-43
MERGED from [com.android.support:support-v4:23.0.1] AndroidManifest.xml:20:5-43
MERGED from [com.android.support:cardview-v7:23.0.1] AndroidManifest.xml:20:5-43
MERGED from [com.android.support:recyclerview-v7:23.0.1] AndroidManifest.xml:20:5-43
MERGED from [com.android.support:support-v4:23.0.1] AndroidManifest.xml:20:5-43
MERGED from [com.android.support:support-v13:23.0.1] AndroidManifest.xml:20:5-44
MERGED from [com.android.support:support-v4:23.0.1] AndroidManifest.xml:20:5-43
MERGED from [com.jpardogo.materialtabstrip:library:1.1.0] AndroidManifest.xml:5:5-7:41
MERGED from [com.android.support:support-v4:23.0.1] AndroidManifest.xml:20:5-43
MERGED from [com.crashlytics.sdk.android:crashlytics:2.5.2] AndroidManifest.xml:7:5-43
MERGED from [com.crashlytics.sdk.android:answers:1.3.2] AndroidManifest.xml:7:5-43
MERGED from [io.fabric.sdk.android:fabric:1.3.6] AndroidManifest.xml:23:5-43
MERGED from [io.fabric.sdk.android:fabric:1.3.6] AndroidManifest.xml:23:5-43
MERGED from [com.crashlytics.sdk.android:crashlytics-core:2.3.5] AndroidManifest.xml:7:5-43
MERGED from [com.crashlytics.sdk.android:answers:1.3.2] AndroidManifest.xml:7:5-43
MERGED from [io.fabric.sdk.android:fabric:1.3.6] AndroidManifest.xml:23:5-43
MERGED from [io.fabric.sdk.android:fabric:1.3.6] AndroidManifest.xml:23:5-43
MERGED from [com.crashlytics.sdk.android:beta:1.1.3] AndroidManifest.xml:7:5-43
	android:targetSdkVersion
		INJECTED from src\main\AndroidManifest.xml
		INJECTED from src\main\AndroidManifest.xml
	android:minSdkVersion
		ADDED from src\main\AndroidManifest.xml:8:15-40
		INJECTED from src\main\AndroidManifest.xml
		INJECTED from src\main\AndroidManifest.xml
uses-permission#android.permission.INTERNET
ADDED from src\main\AndroidManifest.xml:10:5-67
MERGED from [com.crashlytics.sdk.android:crashlytics:2.5.2] AndroidManifest.xml:9:5-67
MERGED from [com.crashlytics.sdk.android:answers:1.3.2] AndroidManifest.xml:9:5-67
MERGED from [io.fabric.sdk.android:fabric:1.3.6] AndroidManifest.xml:25:5-67
MERGED from [io.fabric.sdk.android:fabric:1.3.6] AndroidManifest.xml:25:5-67
MERGED from [com.crashlytics.sdk.android:crashlytics-core:2.3.5] AndroidManifest.xml:9:5-67
MERGED from [com.crashlytics.sdk.android:answers:1.3.2] AndroidManifest.xml:9:5-67
MERGED from [io.fabric.sdk.android:fabric:1.3.6] AndroidManifest.xml:25:5-67
MERGED from [io.fabric.sdk.android:fabric:1.3.6] AndroidManifest.xml:25:5-67
	android:name
		ADDED from src\main\AndroidManifest.xml:10:22-64
uses-permission#android.permission.ACCESS_WIFI_STATE
ADDED from src\main\AndroidManifest.xml:11:5-76
	android:name
		ADDED from src\main\AndroidManifest.xml:11:22-73
uses-permission#android.permission.READ_PHONE_STATE
ADDED from src\main\AndroidManifest.xml:12:5-75
	android:name
		ADDED from src\main\AndroidManifest.xml:12:22-72
uses-permission#android.permission.ACCESS_NETWORK_STATE
ADDED from src\main\AndroidManifest.xml:13:5-79
	android:name
		ADDED from src\main\AndroidManifest.xml:13:22-76
uses-permission#ANDROID.PERMISSION.WRITE_EXTERNAL_STORAGE
ADDED from src\main\AndroidManifest.xml:14:5-81
	android:name
		ADDED from src\main\AndroidManifest.xml:14:22-78
uses-permission#ANDROID.PERMISSION.READ_EXTERNAL_STORAGE
ADDED from src\main\AndroidManifest.xml:15:5-80
	android:name
		ADDED from src\main\AndroidManifest.xml:15:22-77
uses-permission#com.android.vending.BILLING
ADDED from src\main\AndroidManifest.xml:16:5-67
	android:name
		ADDED from src\main\AndroidManifest.xml:16:22-64
application
ADDED from src\main\AndroidManifest.xml:20:5-74:19
MERGED from [com.android.support:support-v4:23.0.1] AndroidManifest.xml:22:5-20
MERGED from [com.android.support:cardview-v7:23.0.1] AndroidManifest.xml:22:5-20
MERGED from [com.android.support:support-v4:23.0.1] AndroidManifest.xml:22:5-20
MERGED from [com.android.support:support-v13:23.0.1] AndroidManifest.xml:22:5-20
MERGED from [com.android.support:support-v4:23.0.1] AndroidManifest.xml:22:5-20
MERGED from [com.jpardogo.materialtabstrip:library:1.1.0] AndroidManifest.xml:9:5-20
MERGED from [com.android.support:support-v4:23.0.1] AndroidManifest.xml:22:5-20
MERGED from [com.crashlytics.sdk.android:crashlytics:2.5.2] AndroidManifest.xml:11:5-20
MERGED from [com.crashlytics.sdk.android:answers:1.3.2] AndroidManifest.xml:11:5-20
MERGED from [io.fabric.sdk.android:fabric:1.3.6] AndroidManifest.xml:27:5-20
MERGED from [io.fabric.sdk.android:fabric:1.3.6] AndroidManifest.xml:27:5-20
MERGED from [com.crashlytics.sdk.android:crashlytics-core:2.3.5] AndroidManifest.xml:11:5-20
MERGED from [com.crashlytics.sdk.android:answers:1.3.2] AndroidManifest.xml:11:5-20
MERGED from [io.fabric.sdk.android:fabric:1.3.6] AndroidManifest.xml:27:5-20
MERGED from [io.fabric.sdk.android:fabric:1.3.6] AndroidManifest.xml:27:5-20
MERGED from [com.crashlytics.sdk.android:beta:1.1.3] AndroidManifest.xml:9:5-20
	android:label
		ADDED from src\main\AndroidManifest.xml:22:9-41
	android:icon
		ADDED from src\main\AndroidManifest.xml:21:9-43
	android:theme
		ADDED from src\main\AndroidManifest.xml:23:9-54
meta-data#com.google.android.gms.games.APP_ID
ADDED from src\main\AndroidManifest.xml:26:9-28:46
	android:name
		ADDED from src\main\AndroidManifest.xml:27:13-63
	android:value
		ADDED from src\main\AndroidManifest.xml:28:13-43
meta-data#com.google.android.gms.version
ADDED from src\main\AndroidManifest.xml:29:9-31:69
	android:name
		ADDED from src\main\AndroidManifest.xml:30:13-58
	android:value
		ADDED from src\main\AndroidManifest.xml:31:13-66
activity#com.almadev.znaniesila.HAStartScreen
ADDED from src\main\AndroidManifest.xml:33:9-43:20
	android:screenOrientation
		ADDED from src\main\AndroidManifest.xml:37:13-49
	android:label
		ADDED from src\main\AndroidManifest.xml:35:13-45
	android:name
		ADDED from src\main\AndroidManifest.xml:34:13-42
	android:launchMode
		ADDED from src\main\AndroidManifest.xml:36:13-44
intent-filter#android.intent.action.MAIN+android.intent.category.LAUNCHER
ADDED from src\main\AndroidManifest.xml:38:13-42:29
action#android.intent.action.MAIN
ADDED from src\main\AndroidManifest.xml:39:17-69
	android:name
		ADDED from src\main\AndroidManifest.xml:39:25-66
category#android.intent.category.LAUNCHER
ADDED from src\main\AndroidManifest.xml:41:17-77
	android:name
		ADDED from src\main\AndroidManifest.xml:41:27-74
activity#com.almadev.znaniesila.HACategoriesScreen
ADDED from src\main\AndroidManifest.xml:44:9-47:52
	android:screenOrientation
		ADDED from src\main\AndroidManifest.xml:47:13-49
	android:name
		ADDED from src\main\AndroidManifest.xml:45:13-47
	android:launchMode
		ADDED from src\main\AndroidManifest.xml:46:13-44
activity#com.almadev.znaniesila.HAQuizScreen
ADDED from src\main\AndroidManifest.xml:48:9-51:52
	android:screenOrientation
		ADDED from src\main\AndroidManifest.xml:51:13-49
	android:name
		ADDED from src\main\AndroidManifest.xml:49:13-41
	android:launchMode
		ADDED from src\main\AndroidManifest.xml:50:13-44
activity#com.almadev.znaniesila.HAFinalScreen
ADDED from src\main\AndroidManifest.xml:52:9-55:52
	android:screenOrientation
		ADDED from src\main\AndroidManifest.xml:55:13-49
	android:name
		ADDED from src\main\AndroidManifest.xml:53:13-42
	android:launchMode
		ADDED from src\main\AndroidManifest.xml:54:13-44
activity#com.almadev.znaniesila.videoplayer.MovieView
ADDED from src\main\AndroidManifest.xml:56:9-59:52
	android:screenOrientation
		ADDED from src\main\AndroidManifest.xml:59:13-49
	android:name
		ADDED from src\main\AndroidManifest.xml:57:13-50
	android:launchMode
		ADDED from src\main\AndroidManifest.xml:58:13-44
activity#com.almadev.znaniesila.AboutScreen
ADDED from src\main\AndroidManifest.xml:60:9-62:52
	android:screenOrientation
		ADDED from src\main\AndroidManifest.xml:62:13-49
	android:name
		ADDED from src\main\AndroidManifest.xml:61:13-40
activity#com.almadev.znaniesila.KnowledgeActivity
ADDED from src\main\AndroidManifest.xml:63:9-65:20
	android:screenOrientation
		ADDED from src\main\AndroidManifest.xml:64:19-55
	android:name
		ADDED from src\main\AndroidManifest.xml:63:19-52
activity#com.almadev.znaniesila.KnwoledgeDescription
ADDED from src\main\AndroidManifest.xml:66:9-70:20
	android:screenOrientation
		ADDED from src\main\AndroidManifest.xml:68:13-49
	android:label
		ADDED from src\main\AndroidManifest.xml:69:13-73
	android:name
		ADDED from src\main\AndroidManifest.xml:67:13-49
meta-data#io.fabric.ApiKey
ADDED from src\main\AndroidManifest.xml:71:9-73:72
	android:name
		ADDED from src\main\AndroidManifest.xml:72:13-44
	android:value
		ADDED from src\main\AndroidManifest.xml:73:13-69